\BOOKMARK [0][-]{chapter.1}{\376\377\000F\000i\000l\000e\000\040\000I\000n\000d\000e\000x}{}
\BOOKMARK [1][-]{section.1.1}{\376\377\000F\000i\000l\000e\000\040\000L\000i\000s\000t}{chapter.1}
\BOOKMARK [0][-]{chapter.2}{\376\377\000F\000i\000l\000e\000\040\000D\000o\000c\000u\000m\000e\000n\000t\000a\000t\000i\000o\000n}{}
\BOOKMARK [1][-]{section.2.1}{\376\377\000D\000e\000s\000k\000t\000o\000p\000/\000f\000i\000n\000a\000l\000\137\000g\000r\000p\0004\000/\000g\000r\000p\0004\000/\000G\000r\000o\000u\000p\000\137\0004\000/\000c\000o\000v\000e\000r\000\137\000f\000i\000e\000l\000d\000.\000c\000\040\000F\000i\000l\000e\000\040\000R\000e\000f\000e\000r\000e\000n\000c\000e}{chapter.2}
\BOOKMARK [2][-]{subsection.2.1.1}{\376\377\000D\000e\000f\000i\000n\000e\000\040\000D\000o\000c\000u\000m\000e\000n\000t\000a\000t\000i\000o\000n}{section.2.1}
\BOOKMARK [3][-]{subsubsection.2.1.1.1}{\376\377\000c\000b\000i\000t}{subsection.2.1.1}
\BOOKMARK [3][-]{subsubsection.2.1.1.2}{\376\377\000E\000N}{subsection.2.1.1}
\BOOKMARK [3][-]{subsubsection.2.1.1.3}{\376\377\000F\000C\000P\000U}{subsection.2.1.1}
\BOOKMARK [3][-]{subsubsection.2.1.1.4}{\376\377\000F\000C\000P\000U}{subsection.2.1.1}
\BOOKMARK [3][-]{subsubsection.2.1.1.5}{\376\377\000l\000c\000d\000\137\000p\000o\000r\000t}{subsection.2.1.1}
\BOOKMARK [3][-]{subsubsection.2.1.1.6}{\376\377\000R\000S}{subsection.2.1.1}
\BOOKMARK [3][-]{subsubsection.2.1.1.7}{\376\377\000R\000W}{subsection.2.1.1}
\BOOKMARK [3][-]{subsubsection.2.1.1.8}{\376\377\000s\000b\000i\000t}{subsection.2.1.1}
\BOOKMARK [2][-]{subsection.2.1.2}{\376\377\000F\000u\000n\000c\000t\000i\000o\000n\000\040\000D\000o\000c\000u\000m\000e\000n\000t\000a\000t\000i\000o\000n}{section.2.1}
\BOOKMARK [3][-]{subsubsection.2.1.2.1}{\376\377\000A\000D\000C\000\137\000C\000o\000n\000v\000e\000r\000s\000i\000o\000n}{subsection.2.1.2}
\BOOKMARK [3][-]{subsubsection.2.1.2.2}{\376\377\000a\000d\000c\000\137\000i\000n\000i\000t}{subsection.2.1.2}
\BOOKMARK [3][-]{subsubsection.2.1.2.3}{\376\377\000a\000d\000c\000\137\000p\000i\000n\000\137\000c\000o\000n\000f\000i\000g}{subsection.2.1.2}
\BOOKMARK [3][-]{subsubsection.2.1.2.4}{\376\377\000A\000N\000G\000L\000E\000\137\000R\000O\000T\000A\000T\000E}{subsection.2.1.2}
\BOOKMARK [3][-]{subsubsection.2.1.2.5}{\376\377\000F\000O\000R\000W\000A\000R\000D}{subsection.2.1.2}
\BOOKMARK [3][-]{subsubsection.2.1.2.6}{\376\377\000i\000n\000i\000t\000\137\000d\000e\000v\000i\000c\000e\000s}{subsection.2.1.2}
\BOOKMARK [3][-]{subsubsection.2.1.2.7}{\376\377\000I\000N\000I\000T\000\137\000I\000N\000T\000E\000R\000R\000U\000P\000T}{subsection.2.1.2}
\BOOKMARK [3][-]{subsubsection.2.1.2.8}{\376\377\000I\000N\000I\000T\000\137\000P\000O\000R\000T\000S}{subsection.2.1.2}
\BOOKMARK [3][-]{subsubsection.2.1.2.9}{\376\377\000i\000n\000i\000t\000\137\000p\000o\000r\000t\000s}{subsection.2.1.2}
\BOOKMARK [3][-]{subsubsection.2.1.2.10}{\376\377\000I\000S\000R}{subsection.2.1.2}
\BOOKMARK [3][-]{subsubsection.2.1.2.11}{\376\377\000I\000S\000R}{subsection.2.1.2}
\BOOKMARK [3][-]{subsubsection.2.1.2.12}{\376\377\000l\000c\000d\000\137\000c\000u\000r\000s\000o\000r}{subsection.2.1.2}
\BOOKMARK [3][-]{subsubsection.2.1.2.13}{\376\377\000l\000c\000d\000\137\000h\000o\000m\000e}{subsection.2.1.2}
\BOOKMARK [3][-]{subsubsection.2.1.2.14}{\376\377\000l\000c\000d\000\137\000i\000n\000i\000t}{subsection.2.1.2}
\BOOKMARK [3][-]{subsubsection.2.1.2.15}{\376\377\000l\000c\000d\000\137\000p\000o\000r\000t\000\137\000c\000o\000n\000f\000i\000g}{subsection.2.1.2}
\BOOKMARK [3][-]{subsubsection.2.1.2.16}{\376\377\000l\000c\000d\000\137\000p\000r\000i\000n\000t}{subsection.2.1.2}
\BOOKMARK [3][-]{subsubsection.2.1.2.17}{\376\377\000l\000c\000d\000\137\000r\000e\000s\000e\000t\000\137\0004\000b\000i\000t}{subsection.2.1.2}
\BOOKMARK [3][-]{subsubsection.2.1.2.18}{\376\377\000l\000c\000d\000\137\000s\000e\000t\000\137\0004\000b\000i\000t}{subsection.2.1.2}
\BOOKMARK [3][-]{subsubsection.2.1.2.19}{\376\377\000l\000c\000d\000\137\000s\000t\000r\000i\000n\000g}{subsection.2.1.2}
\BOOKMARK [3][-]{subsubsection.2.1.2.20}{\376\377\000l\000c\000d\000\137\000w\000r\000\137\000c\000h\000a\000r}{subsection.2.1.2}
\BOOKMARK [3][-]{subsubsection.2.1.2.21}{\376\377\000l\000c\000d\000\137\000w\000r\000\137\000c\000o\000m\000m\000a\000n\000d}{subsection.2.1.2}
\BOOKMARK [3][-]{subsubsection.2.1.2.22}{\376\377\000L\000E\000F\000T\000\137\000R\000E\000V\000E\000R\000S\000E}{subsection.2.1.2}
\BOOKMARK [3][-]{subsubsection.2.1.2.23}{\376\377\000L\000e\000f\000t\000\137\000S\000p\000e\000e\000d}{subsection.2.1.2}
\BOOKMARK [3][-]{subsubsection.2.1.2.24}{\376\377\000L\000E\000F\000T\000\137\000T\000U\000R\000N}{subsection.2.1.2}
\BOOKMARK [3][-]{subsubsection.2.1.2.25}{\376\377\000L\000E\000F\000T\000\137\000T\000U\000R\000N\000\137\000S\000O\000F\000T}{subsection.2.1.2}
\BOOKMARK [3][-]{subsubsection.2.1.2.26}{\376\377\000L\000I\000N\000E\000A\000R\000\137\000D\000I\000S\000T\000A\000N\000C\000E}{subsection.2.1.2}
\BOOKMARK [3][-]{subsubsection.2.1.2.27}{\376\377\000p\000o\000r\000t\000\137\000i\000n\000i\000t}{subsection.2.1.2}
\BOOKMARK [3][-]{subsubsection.2.1.2.28}{\376\377\000R\000E\000V\000E\000R\000S\000E}{subsection.2.1.2}
\BOOKMARK [3][-]{subsubsection.2.1.2.29}{\376\377\000R\000I\000G\000H\000T\000\137\000R\000E\000V\000E\000R\000S\000E}{subsection.2.1.2}
\BOOKMARK [3][-]{subsubsection.2.1.2.30}{\376\377\000R\000i\000g\000h\000t\000\137\000S\000p\000e\000e\000d}{subsection.2.1.2}
\BOOKMARK [3][-]{subsubsection.2.1.2.31}{\376\377\000R\000I\000G\000H\000T\000\137\000T\000U\000R\000N}{subsection.2.1.2}
\BOOKMARK [3][-]{subsubsection.2.1.2.32}{\376\377\000R\000I\000G\000H\000T\000\137\000T\000U\000R\000N\000\137\000S\000O\000F\000T}{subsection.2.1.2}
\BOOKMARK [3][-]{subsubsection.2.1.2.33}{\376\377\000S\000h\000a\000r\000p\000\137\000G\000P\0002\000D\0001\0002\000\137\000e\000s\000t\000i\000m\000a\000t\000i\000o\000n}{subsection.2.1.2}
\BOOKMARK [3][-]{subsubsection.2.1.2.34}{\376\377\000S\000T\000O\000P}{subsection.2.1.2}
\BOOKMARK [3][-]{subsubsection.2.1.2.35}{\376\377\000t\000i\000m\000e\000r\0005\000\137\000i\000n\000i\000t}{subsection.2.1.2}
\BOOKMARK [2][-]{subsection.2.1.3}{\376\377\000V\000a\000r\000i\000a\000b\000l\000e\000\040\000D\000o\000c\000u\000m\000e\000n\000t\000a\000t\000i\000o\000n}{section.2.1}
\BOOKMARK [3][-]{subsubsection.2.1.3.1}{\376\377\000a\000d\000c\000\137\000r\000e\000a\000d\000i\000n\000g}{subsection.2.1.3}
\BOOKMARK [3][-]{subsubsection.2.1.3.2}{\376\377\000A\000D\000C\000\137\000V\000a\000l\000u\000e}{subsection.2.1.3}
\BOOKMARK [3][-]{subsubsection.2.1.3.3}{\376\377\000B\000A\000T\000T\000\137\000V}{subsection.2.1.3}
\BOOKMARK [3][-]{subsubsection.2.1.3.4}{\376\377\000B\000A\000T\000T\000\137\000V\000o\000l\000t\000a\000g\000e}{subsection.2.1.3}
\BOOKMARK [3][-]{subsubsection.2.1.3.5}{\376\377\000d\000i\000s\000t\000a\000n\000c\000e}{subsection.2.1.3}
\BOOKMARK [3][-]{subsubsection.2.1.3.6}{\376\377\000h\000u\000n\000d\000r\000e\000d}{subsection.2.1.3}
\BOOKMARK [3][-]{subsubsection.2.1.3.7}{\376\377\000i}{subsection.2.1.3}
\BOOKMARK [3][-]{subsubsection.2.1.3.8}{\376\377\000m\000i\000l\000l\000i\000o\000n}{subsection.2.1.3}
\BOOKMARK [3][-]{subsubsection.2.1.3.9}{\376\377\000s\000h\000a\000f\000t\000C\000o\000u\000n\000t\000L\000e\000f\000t}{subsection.2.1.3}
\BOOKMARK [3][-]{subsubsection.2.1.3.10}{\376\377\000s\000h\000a\000f\000t\000C\000o\000u\000n\000t\000R\000i\000g\000h\000t}{subsection.2.1.3}
\BOOKMARK [3][-]{subsubsection.2.1.3.11}{\376\377\000s\000h\000a\000r\000p\000\137\000c\000e\000n\000t\000e\000r}{subsection.2.1.3}
\BOOKMARK [3][-]{subsubsection.2.1.3.12}{\376\377\000s\000h\000a\000r\000p\000\137\000c\000e\000n\000t\000e\000r\000\137\000l\000e\000f\000t}{subsection.2.1.3}
\BOOKMARK [3][-]{subsubsection.2.1.3.13}{\376\377\000s\000h\000a\000r\000p\000\137\000c\000e\000n\000t\000e\000r\000\137\000r\000i\000g\000h\000t}{subsection.2.1.3}
\BOOKMARK [3][-]{subsubsection.2.1.3.14}{\376\377\000s\000h\000a\000r\000p\000\137\000l\000e\000f\000t}{subsection.2.1.3}
\BOOKMARK [3][-]{subsubsection.2.1.3.15}{\376\377\000s\000h\000a\000r\000p\000\137\000r\000i\000g\000h\000t}{subsection.2.1.3}
\BOOKMARK [3][-]{subsubsection.2.1.3.16}{\376\377\000t\000e\000m\000p}{subsection.2.1.3}
\BOOKMARK [3][-]{subsubsection.2.1.3.17}{\376\377\000t\000e\000n\000s}{subsection.2.1.3}
\BOOKMARK [3][-]{subsubsection.2.1.3.18}{\376\377\000t\000h\000o\000u\000s\000a\000n\000d}{subsection.2.1.3}
\BOOKMARK [3][-]{subsubsection.2.1.3.19}{\376\377\000u\000n\000i\000t}{subsection.2.1.3}
\BOOKMARK [3][-]{subsubsection.2.1.3.20}{\376\377\000v\000a\000l\000u\000e\000\137\000c\000e\000n\000t\000e\000r}{subsection.2.1.3}
\BOOKMARK [3][-]{subsubsection.2.1.3.21}{\376\377\000v\000a\000l\000u\000e\000\137\000l\000e\000f\000t}{subsection.2.1.3}
\BOOKMARK [3][-]{subsubsection.2.1.3.22}{\376\377\000v\000a\000l\000u\000e\000\137\000r\000i\000g\000h\000t}{subsection.2.1.3}
\BOOKMARK [3][-]{subsubsection.2.1.3.23}{\376\377\000w\000h\000i\000t\000e\000\137\0001}{subsection.2.1.3}
\BOOKMARK [3][-]{subsubsection.2.1.3.24}{\376\377\000w\000h\000i\000t\000e\000\137\0002}{subsection.2.1.3}
\BOOKMARK [3][-]{subsubsection.2.1.3.25}{\376\377\000w\000h\000i\000t\000e\000\137\0003}{subsection.2.1.3}
\BOOKMARK [1][-]{section.2.2}{\376\377\000D\000e\000s\000k\000t\000o\000p\000/\000f\000i\000n\000a\000l\000\137\000g\000r\000p\0004\000/\000g\000r\000p\0004\000/\000G\000r\000o\000u\000p\000\137\0004\000/\000g\000r\000p\000\137\0004\000\137\000t\000r\000y\0001\000.\000m\000\040\000F\000i\000l\000e\000\040\000R\000e\000f\000e\000r\000e\000n\000c\000e}{chapter.2}
\BOOKMARK [2][-]{subsection.2.2.1}{\376\377\000F\000u\000n\000c\000t\000i\000o\000n\000\040\000D\000o\000c\000u\000m\000e\000n\000t\000a\000t\000i\000o\000n}{section.2.2}
\BOOKMARK [3][-]{subsubsection.2.2.1.1}{\376\377\000e\000l\000s\000e\000i\000f}{subsection.2.2.1}
\BOOKMARK [3][-]{subsubsection.2.2.1.2}{\376\377\000i\000f}{subsection.2.2.1}
\BOOKMARK [3][-]{subsubsection.2.2.1.3}{\376\377\000i\000f}{subsection.2.2.1}
\BOOKMARK [3][-]{subsubsection.2.2.1.4}{\376\377\000i\000f}{subsection.2.2.1}
\BOOKMARK [3][-]{subsubsection.2.2.1.5}{\376\377\000i\000m\000a\000g\000e\000s\000c}{subsection.2.2.1}
\BOOKMARK [3][-]{subsubsection.2.2.1.6}{\376\377\000i\000m\000g\000\137\000b\000i\000n}{subsection.2.2.1}
\BOOKMARK [3][-]{subsubsection.2.2.1.7}{\376\377\000i\000m\000s\000h\000o\000w}{subsection.2.2.1}
\BOOKMARK [3][-]{subsubsection.2.2.1.8}{\376\377\000i\000m\000s\000h\000o\000w}{subsection.2.2.1}
\BOOKMARK [3][-]{subsubsection.2.2.1.9}{\376\377\000i\000m\000s\000h\000o\000w}{subsection.2.2.1}
\BOOKMARK [3][-]{subsubsection.2.2.1.10}{\376\377\000o\000b\000j}{subsection.2.2.1}
\BOOKMARK [3][-]{subsubsection.2.2.1.11}{\376\377\000S\000T\000A\000T\000S}{subsection.2.2.1}
\BOOKMARK [3][-]{subsubsection.2.2.1.12}{\376\377\000w\000h\000i\000l\000e}{subsection.2.2.1}
\BOOKMARK [2][-]{subsection.2.2.2}{\376\377\000V\000a\000r\000i\000a\000b\000l\000e\000\040\000D\000o\000c\000u\000m\000e\000n\000t\000a\000t\000i\000o\000n}{section.2.2}
\BOOKMARK [3][-]{subsubsection.2.2.2.1}{\376\377\000a\000l\000l}{subsection.2.2.2}
\BOOKMARK [3][-]{subsubsection.2.2.2.2}{\376\377\000c\000l\000c}{subsection.2.2.2}
\BOOKMARK [3][-]{subsubsection.2.2.2.3}{\376\377\000c\000o\000u\000n\000t\000\137\000n\000u\000m}{subsection.2.2.2}
\BOOKMARK [3][-]{subsubsection.2.2.2.4}{\376\377\000i}{subsection.2.2.2}
\BOOKMARK [3][-]{subsubsection.2.2.2.5}{\376\377\000i\000m\000g}{subsection.2.2.2}
\BOOKMARK [3][-]{subsubsection.2.2.2.6}{\376\377\000i\000m\000g\0001}{subsection.2.2.2}
\BOOKMARK [3][-]{subsubsection.2.2.2.7}{\376\377\000i\000n\000d\000e\000n\000t}{subsection.2.2.2}
\BOOKMARK [3][-]{subsubsection.2.2.2.8}{\376\377\000i\000n\000d\000i\000c\000a\000t\000o\000r}{subsection.2.2.2}
\BOOKMARK [3][-]{subsubsection.2.2.2.9}{\376\377\000j}{subsection.2.2.2}
\BOOKMARK [3][-]{subsubsection.2.2.2.10}{\376\377\000k}{subsection.2.2.2}
\BOOKMARK [3][-]{subsubsection.2.2.2.11}{\376\377\000l}{subsection.2.2.2}
\BOOKMARK [3][-]{subsubsection.2.2.2.12}{\376\377\000m}{subsection.2.2.2}
\BOOKMARK [3][-]{subsubsection.2.2.2.13}{\376\377\000n\000u\000m\0001}{subsection.2.2.2}
\BOOKMARK [3][-]{subsubsection.2.2.2.14}{\376\377\000S\000T\000A\000T\000S}{subsection.2.2.2}
\BOOKMARK [1][-]{section.2.3}{\376\377\000D\000e\000s\000k\000t\000o\000p\000/\000f\000i\000n\000a\000l\000\137\000g\000r\000p\0004\000/\000g\000r\000p\0004\000/\000G\000r\000o\000u\000p\000\137\0004\000/\000l\000a\000t\000e\000s\000t\000\137\000w\000h\000i\000t\000e\000.\000m\000\040\000F\000i\000l\000e\000\040\000R\000e\000f\000e\000r\000e\000n\000c\000e}{chapter.2}
\BOOKMARK [2][-]{subsection.2.3.1}{\376\377\000F\000u\000n\000c\000t\000i\000o\000n\000\040\000D\000o\000c\000u\000m\000e\000n\000t\000a\000t\000i\000o\000n}{section.2.3}
\BOOKMARK [3][-]{subsubsection.2.3.1.1}{\376\377\000d\000e\000l\000e\000t\000e}{subsection.2.3.1}
\BOOKMARK [3][-]{subsubsection.2.3.1.2}{\376\377\000e\000l\000s\000e\000i\000f}{subsection.2.3.1}
\BOOKMARK [3][-]{subsubsection.2.3.1.3}{\376\377\000i\000f}{subsection.2.3.1}
\BOOKMARK [3][-]{subsubsection.2.3.1.4}{\376\377\000i\000m\000a\000g\000e\000s\000c}{subsection.2.3.1}
\BOOKMARK [3][-]{subsubsection.2.3.1.5}{\376\377\000i\000m\000g\000\137\000b\000i\000n}{subsection.2.3.1}
\BOOKMARK [3][-]{subsubsection.2.3.1.6}{\376\377\000i\000m\000s\000h\000o\000w}{subsection.2.3.1}
\BOOKMARK [3][-]{subsubsection.2.3.1.7}{\376\377\000i\000m\000s\000h\000o\000w}{subsection.2.3.1}
\BOOKMARK [3][-]{subsubsection.2.3.1.8}{\376\377\000p\000r\000e\000v\000i\000e\000w}{subsection.2.3.1}
\BOOKMARK [3][-]{subsubsection.2.3.1.9}{\376\377\000s\000e\000t}{subsection.2.3.1}
\BOOKMARK [3][-]{subsubsection.2.3.1.10}{\376\377\000s\000t\000o\000p}{subsection.2.3.1}
\BOOKMARK [2][-]{subsection.2.3.2}{\376\377\000V\000a\000r\000i\000a\000b\000l\000e\000\040\000D\000o\000c\000u\000m\000e\000n\000t\000a\000t\000i\000o\000n}{section.2.3}
\BOOKMARK [3][-]{subsubsection.2.3.2.1}{\376\377\000c\000o\000u\000n\000t}{subsection.2.3.2}
\BOOKMARK [3][-]{subsubsection.2.3.2.2}{\376\377\000f\000i\000g\000u\000r\000e}{subsection.2.3.2}
\BOOKMARK [3][-]{subsubsection.2.3.2.3}{\376\377\000i\000m\000g}{subsection.2.3.2}
\BOOKMARK [3][-]{subsubsection.2.3.2.4}{\376\377\000j}{subsection.2.3.2}
\BOOKMARK [3][-]{subsubsection.2.3.2.5}{\376\377\000k}{subsection.2.3.2}
\BOOKMARK [3][-]{subsubsection.2.3.2.6}{\376\377\000l}{subsection.2.3.2}
\BOOKMARK [3][-]{subsubsection.2.3.2.7}{\376\377\000S\000T\000A\000T\000S}{subsection.2.3.2}
\BOOKMARK [3][-]{subsubsection.2.3.2.8}{\376\377\000v\000i\000d}{subsection.2.3.2}
\BOOKMARK [1][-]{section.2.4}{\376\377\000D\000e\000s\000k\000t\000o\000p\000/\000f\000i\000n\000a\000l\000\137\000g\000r\000p\0004\000/\000g\000r\000p\0004\000/\000G\000r\000o\000u\000p\000\137\0004\000/\000M\000a\000i\000n\000.\000c\000\040\000F\000i\000l\000e\000\040\000R\000e\000f\000e\000r\000e\000n\000c\000e}{chapter.2}
\BOOKMARK [2][-]{subsection.2.4.1}{\376\377\000F\000u\000n\000c\000t\000i\000o\000n\000\040\000D\000o\000c\000u\000m\000e\000n\000t\000a\000t\000i\000o\000n}{section.2.4}
\BOOKMARK [3][-]{subsubsection.2.4.1.1}{\376\377\000i\000n\000i\000t\000\137\000u\000a\000r\000t\0000}{subsection.2.4.1}
\BOOKMARK [3][-]{subsubsection.2.4.1.2}{\376\377\000m\000a\000i\000n}{subsection.2.4.1}
\BOOKMARK [3][-]{subsubsection.2.4.1.3}{\376\377\000S\000I\000G\000N\000A\000L}{subsection.2.4.1}
\BOOKMARK [3][-]{subsubsection.2.4.1.4}{\376\377\000u\000a\000r\000t\0000\000\137\000i\000n\000i\000t}{subsection.2.4.1}
\BOOKMARK [2][-]{subsection.2.4.2}{\376\377\000V\000a\000r\000i\000a\000b\000l\000e\000\040\000D\000o\000c\000u\000m\000e\000n\000t\000a\000t\000i\000o\000n}{section.2.4}
\BOOKMARK [3][-]{subsubsection.2.4.2.1}{\376\377\000c\000o\000u\000n\000t}{subsection.2.4.2}
\BOOKMARK [3][-]{subsubsection.2.4.2.2}{\376\377\000d\000a\000t\000a}{subsection.2.4.2}
\BOOKMARK [3][-]{subsubsection.2.4.2.3}{\376\377\000f\000l\000a\000g}{subsection.2.4.2}
\BOOKMARK [3][-]{subsubsection.2.4.2.4}{\376\377\000f\000l\000a\000g\000\137\000r\000x}{subsection.2.4.2}
\BOOKMARK [3][-]{subsubsection.2.4.2.5}{\376\377\000f\000l\000a\000g\000\137\000t\000u\000r\000n}{subsection.2.4.2}
\BOOKMARK [3][-]{subsubsection.2.4.2.6}{\376\377\000f\000l\000a\000g\000\137\000x}{subsection.2.4.2}
\BOOKMARK [3][-]{subsubsection.2.4.2.7}{\376\377\000r\000\137\000c\000o\000u\000n\000t}{subsection.2.4.2}
\BOOKMARK [3][-]{subsubsection.2.4.2.8}{\376\377\000r\000e\000v\000\137\000d\000i\000s}{subsection.2.4.2}
\BOOKMARK [3][-]{subsubsection.2.4.2.9}{\376\377\000t\000e\000m\000p}{subsection.2.4.2}
\BOOKMARK [3][-]{subsubsection.2.4.2.10}{\376\377\000t\000e\000m\000p\0001}{subsection.2.4.2}
\BOOKMARK [3][-]{subsubsection.2.4.2.11}{\376\377\000v\000a\000l\000u\000e\000\137\000c\000e\000n\000t\000e\000r}{subsection.2.4.2}
\BOOKMARK [3][-]{subsubsection.2.4.2.12}{\376\377\000v\000a\000l\000u\000e\000\137\000c\000e\000n\000t\000e\000r\000\137\000l\000e\000f\000t}{subsection.2.4.2}
\BOOKMARK [3][-]{subsubsection.2.4.2.13}{\376\377\000v\000a\000l\000u\000e\000\137\000c\000e\000n\000t\000e\000r\000\137\000r\000i\000g\000h\000t}{subsection.2.4.2}
\BOOKMARK [3][-]{subsubsection.2.4.2.14}{\376\377\000v\000a\000l\000u\000e\000\137\000l\000e\000f\000t}{subsection.2.4.2}
\BOOKMARK [3][-]{subsubsection.2.4.2.15}{\376\377\000v\000a\000l\000u\000e\000\137\000r\000i\000g\000h\000t}{subsection.2.4.2}
\BOOKMARK [1][-]{section.2.5}{\376\377\000D\000e\000s\000k\000t\000o\000p\000/\000f\000i\000n\000a\000l\000\137\000g\000r\000p\0004\000/\000g\000r\000p\0004\000/\000G\000r\000o\000u\000p\000\137\0004\000/\000s\000e\000r\000i\000a\000l\0001\000.\000m\000\040\000F\000i\000l\000e\000\040\000R\000e\000f\000e\000r\000e\000n\000c\000e}{chapter.2}
\BOOKMARK [2][-]{subsection.2.5.1}{\376\377\000F\000u\000n\000c\000t\000i\000o\000n\000\040\000D\000o\000c\000u\000m\000e\000n\000t\000a\000t\000i\000o\000n}{section.2.5}
\BOOKMARK [3][-]{subsubsection.2.5.1.1}{\376\377\000d\000e\000l\000e\000t\000e}{subsection.2.5.1}
\BOOKMARK [3][-]{subsubsection.2.5.1.2}{\376\377\000e\000l\000s\000e\000i\000f}{subsection.2.5.1}
\BOOKMARK [3][-]{subsubsection.2.5.1.3}{\376\377\000f\000o\000p\000e\000n}{subsection.2.5.1}
\BOOKMARK [3][-]{subsubsection.2.5.1.4}{\376\377\000f\000p\000r\000i\000n\000t\000f}{subsection.2.5.1}
\BOOKMARK [3][-]{subsubsection.2.5.1.5}{\376\377\000f\000p\000r\000i\000n\000t\000f}{subsection.2.5.1}
\BOOKMARK [3][-]{subsubsection.2.5.1.6}{\376\377\000g\000e\000t}{subsection.2.5.1}
\BOOKMARK [3][-]{subsubsection.2.5.1.7}{\376\377\000i\000f}{subsection.2.5.1}
\BOOKMARK [3][-]{subsubsection.2.5.1.8}{\376\377\000i\000m\000a\000g\000e\000s\000c}{subsection.2.5.1}
\BOOKMARK [3][-]{subsubsection.2.5.1.9}{\376\377\000i\000m\000g\000\137\000b\000i\000n}{subsection.2.5.1}
\BOOKMARK [3][-]{subsubsection.2.5.1.10}{\376\377\000i\000m\000s\000h\000o\000w}{subsection.2.5.1}
\BOOKMARK [3][-]{subsubsection.2.5.1.11}{\376\377\000i\000m\000s\000h\000o\000w}{subsection.2.5.1}
\BOOKMARK [3][-]{subsubsection.2.5.1.12}{\376\377\000p\000r\000e\000v\000i\000e\000w}{subsection.2.5.1}
\BOOKMARK [3][-]{subsubsection.2.5.1.13}{\376\377\000s\000e\000t}{subsection.2.5.1}
\BOOKMARK [3][-]{subsubsection.2.5.1.14}{\376\377\000w\000h\000i\000l\000e}{subsection.2.5.1}
\BOOKMARK [3][-]{subsubsection.2.5.1.15}{\376\377\000w\000h\000i\000l\000e}{subsection.2.5.1}
\BOOKMARK [2][-]{subsection.2.5.2}{\376\377\000V\000a\000r\000i\000a\000b\000l\000e\000\040\000D\000o\000c\000u\000m\000e\000n\000t\000a\000t\000i\000o\000n}{section.2.5}
\BOOKMARK [3][-]{subsubsection.2.5.2.1}{\376\377\000f\000i\000g\000u\000r\000e}{subsection.2.5.2}
\BOOKMARK [3][-]{subsubsection.2.5.2.2}{\376\377\000i\000m\000g}{subsection.2.5.2}
\BOOKMARK [3][-]{subsubsection.2.5.2.3}{\376\377\000j}{subsection.2.5.2}
\BOOKMARK [3][-]{subsubsection.2.5.2.4}{\376\377\000k}{subsection.2.5.2}
\BOOKMARK [3][-]{subsubsection.2.5.2.5}{\376\377\000l}{subsection.2.5.2}
\BOOKMARK [3][-]{subsubsection.2.5.2.6}{\376\377\000R\000e\000a\000d\000A\000s\000y\000n\000c\000M\000o\000d\000e}{subsection.2.5.2}
\BOOKMARK [3][-]{subsubsection.2.5.2.7}{\376\377\000s}{subsection.2.5.2}
\BOOKMARK [3][-]{subsubsection.2.5.2.8}{\376\377\000s\000e\000n\000d}{subsection.2.5.2}
\BOOKMARK [3][-]{subsubsection.2.5.2.9}{\376\377\000S\000T\000A\000T\000S}{subsection.2.5.2}
\BOOKMARK [3][-]{subsubsection.2.5.2.10}{\376\377\000v\000i\000d}{subsection.2.5.2}
\BOOKMARK [1][-]{section.2.6}{\376\377\000D\000e\000s\000k\000t\000o\000p\000/\000f\000i\000n\000a\000l\000\137\000g\000r\000p\0004\000/\000g\000r\000p\0004\000/\000G\000r\000o\000u\000p\000\137\0004\000/\000s\000e\000r\000v\000o\000.\000c\000\040\000F\000i\000l\000e\000\040\000R\000e\000f\000e\000r\000e\000n\000c\000e}{chapter.2}
\BOOKMARK [2][-]{subsection.2.6.1}{\376\377\000F\000u\000n\000c\000t\000i\000o\000n\000\040\000D\000o\000c\000u\000m\000e\000n\000t\000a\000t\000i\000o\000n}{section.2.6}
\BOOKMARK [3][-]{subsubsection.2.6.1.1}{\376\377\000i\000n\000i\000t\000\137\000d\000e\000v\000i\000c\000e\000s\000\137\000s\000e\000r\000v\000o}{subsection.2.6.1}
\BOOKMARK [3][-]{subsubsection.2.6.1.2}{\376\377\000p\000o\000r\000t\000\137\000i\000n\000i\000t\000\137\000s\000e\000r\000v\000o}{subsection.2.6.1}
\BOOKMARK [3][-]{subsubsection.2.6.1.3}{\376\377\000s\000e\000r\000v\000o\0001\000\137\000p\000i\000n\000\137\000c\000o\000n\000f\000i\000g}{subsection.2.6.1}
\BOOKMARK [3][-]{subsubsection.2.6.1.4}{\376\377\000s\000e\000r\000v\000o\0002\000\137\000p\000i\000n\000\137\000c\000o\000n\000f\000i\000g}{subsection.2.6.1}
\BOOKMARK [3][-]{subsubsection.2.6.1.5}{\376\377\000s\000e\000r\000v\000o\0003\000\137\000p\000i\000n\000\137\000c\000o\000n\000f\000i\000g}{subsection.2.6.1}
\BOOKMARK [3][-]{subsubsection.2.6.1.6}{\376\377\000s\000e\000r\000v\000o\000\137\0001}{subsection.2.6.1}
\BOOKMARK [3][-]{subsubsection.2.6.1.7}{\376\377\000s\000e\000r\000v\000o\000\137\0001\000\137\000f\000r\000e\000e}{subsection.2.6.1}
\BOOKMARK [3][-]{subsubsection.2.6.1.8}{\376\377\000s\000e\000r\000v\000o\000\137\0002}{subsection.2.6.1}
\BOOKMARK [3][-]{subsubsection.2.6.1.9}{\376\377\000s\000e\000r\000v\000o\000\137\0002\000\137\000f\000r\000e\000e}{subsection.2.6.1}
\BOOKMARK [3][-]{subsubsection.2.6.1.10}{\376\377\000s\000e\000r\000v\000o\000\137\0003}{subsection.2.6.1}
\BOOKMARK [3][-]{subsubsection.2.6.1.11}{\376\377\000s\000e\000r\000v\000o\000\137\0003\000\137\000f\000r\000e\000e}{subsection.2.6.1}
\BOOKMARK [3][-]{subsubsection.2.6.1.12}{\376\377\000t\000i\000m\000e\000r\0001\000\137\000i\000n\000i\000t}{subsection.2.6.1}
\BOOKMARK [1][-]{section.2.7}{\376\377\000D\000e\000s\000k\000t\000o\000p\000/\000f\000i\000n\000a\000l\000\137\000g\000r\000p\0004\000/\000g\000r\000p\0004\000/\000G\000r\000o\000u\000p\000\137\0004\000/\000z\000i\000g\000b\000e\000e\000.\000c\000\040\000F\000i\000l\000e\000\040\000R\000e\000f\000e\000r\000e\000n\000c\000e}{chapter.2}
